This is pdfTeX, Version 3.14159265-2.6-1.40.17 (TeX Live 2016) (preloaded format=pdflatex 2017.5.17)  13 SEP 2019 09:04
entering extended mode
 restricted \write18 enabled.
 file:line:error style messages enabled.
 %&-line parsing enabled.
**Vorlesung2.tex
(./Vorlesung2.tex
LaTeX2e <2016/03/31>
Babel <3.9r> and hyphenation patterns for 83 language(s) loaded.

./Vorlesung2.tex:3: LaTeX Error: The font size command \normalsize is not defin
ed:
               there is probably something wrong with the class file.

See the LaTeX manual or LaTeX Companion for explanation.
Type  H <return>  for immediate help.
 ...                                              
                                                  
l.3 \marginpar{\textcolor{red}{Vorlesung 2}}
                                            
? 
./Vorlesung2.tex:3: Emergency stop.
 ...                                              
                                                  
l.3 \marginpar{\textcolor{red}{Vorlesung 2}}
                                            
Your command was ignored.
Type  I <command> <return>  to replace it with another command,
or  <return>  to continue without it.

 
Here is how much of TeX's memory you used:
 8 strings out of 493014
 379 string characters out of 6133351
 53601 words of memory out of 5000000
 3650 multiletter control sequences out of 15000+600000
 3640 words of font info for 14 fonts, out of 8000000 for 9000
 1141 hyphenation exceptions out of 8191
 18i,1n,17p,447b,85s stack positions out of 5000i,500n,10000p,200000b,80000s
./Vorlesung2.tex:3:  ==> Fatal error occurred, no output PDF file produced!
