\BOOKMARK [0][-]{chapter.1}{\376\377\000M\000a\000\337\000t\000h\000e\000o\000r\000i\000e\000\040\000\050\000M\000o\000d\000e\000l\000l\000i\000e\000r\000u\000n\000g\000\040\000v\000o\000n\000\040\000E\000r\000e\000i\000g\000n\000i\000s\000s\000e\000n\000\040\000u\000n\000d\000\040\000W\000a\000h\000r\000s\000c\000h\000e\000i\000n\000l\000i\000c\000h\000k\000e\000i\000t\000e\000n\000\051}{}% 1
\BOOKMARK [1][-]{section.1.1}{\376\377\000-\000A\000l\000g\000e\000b\000r\000e\000n\000\040\000u\000n\000d\000\040\000M\000a\000\337\000e\000\040\000-\000\040\000d\000i\000e\000\040\000G\000r\000u\000n\000d\000b\000e\000g\000r\000i\000f\000f\000e\000\040\000d\000e\000r\000\040\000S\000t\000o\000c\000h\000a\000s\000t\000i\000k}{chapter.1}% 2
\BOOKMARK [1][-]{section.1.2}{\376\377\000E\000r\000z\000e\000u\000g\000e\000r\000\040\000v\000o\000n\000\040\000-\000A\000l\000g\000e\000b\000r\000e\000n\000\040\000u\000n\000d\000\040\000D\000y\000n\000k\000i\000n\000-\000S\000y\000s\000t\000e\000m\000e}{chapter.1}% 3
\BOOKMARK [1][-]{section.1.3}{\376\377\000K\000o\000n\000s\000t\000r\000u\000k\000t\000i\000o\000n\000\040\000v\000o\000n\000\040\000M\000a\000\337\000e\000n}{chapter.1}% 4
\BOOKMARK [1][-]{section.1.4}{\376\377\000D\000a\000s\000\040\000B\000e\000i\000s\000p\000i\000e\000l\000\040\000f\000\374\000r\000\040\000W\000a\000h\000r\000s\000c\000h\000e\000i\000n\000l\000i\000c\000h\000k\000e\000i\000t\000s\000m\000a\000\337\000e}{chapter.1}% 5
\BOOKMARK [0][-]{chapter.2}{\376\377\000A\000b\000b\000i\000l\000d\000u\000n\000g\000e\000n\000\040\000z\000w\000i\000s\000c\000h\000e\000n\000\040\000m\000e\000s\000s\000b\000a\000r\000e\000n\000\040\000R\000\344\000u\000m\000e\000n}{}% 6
\BOOKMARK [1][-]{section.2.1}{\376\377\000M\000e\000s\000s\000b\000a\000r\000e\000\040\000A\000b\000b\000i\000l\000d\000u\000n\000g\000e\000n}{chapter.2}% 7
\BOOKMARK [1][-]{section.2.2}{\376\377\000B\000i\000l\000d\000m\000a\000\337\000e\000\040\000o\000d\000e\000r\000\040\000"\000p\000u\000s\000h\000-\000f\000o\000r\000w\000a\000r\000d\000"\000\040\000e\000i\000n\000e\000s\000\040\000M\000a\000\337\000e\000s}{chapter.2}% 8
\BOOKMARK [1][-]{section.2.3}{\376\377\000M\000e\000s\000s\000b\000a\000r\000e\000\040\000n\000u\000m\000e\000r\000i\000s\000c\000h\000e\000\040\000F\000u\000n\000k\000t\000i\000o\000n\000e\000n}{chapter.2}% 9
\BOOKMARK [0][-]{chapter.3}{\376\377\000I\000n\000t\000e\000g\000r\000a\000t\000i\000o\000n\000s\000t\000h\000e\000o\000r\000i\000e}{}% 10
\BOOKMARK [1][-]{section.3.1}{\376\377\000D\000a\000s\000\040\000\050\000a\000l\000l\000g\000e\000m\000e\000i\000n\000e\000\051\000\040\000L\000e\000b\000e\000s\000g\000u\000e\000\040\000I\000n\000t\000e\000g\000r\000a\000l}{chapter.3}% 11
\BOOKMARK [1][-]{section.3.2}{\376\377\000K\000o\000n\000v\000e\000r\000g\000e\000n\000z\000s\000\344\000t\000z\000e}{chapter.3}% 12
\BOOKMARK [1][-]{section.3.3}{\376\377\000I\000n\000t\000e\000g\000r\000a\000l\000e\000\040\000f\000\374\000r\000\040\000d\000a\000s\000\040\000B\000e\000i\000s\000p\000i\000e\000l\000\040}{chapter.3}% 13
\BOOKMARK [1][-]{section.3.4}{\376\377\000I\000n\000t\000e\000g\000r\000a\000l\000a\000b\000s\000c\000h\000\344\000t\000z\000u\000n\000g\000e\000n\000\040\000u\000n\000d\000\040\000L\000p\000-\000R\000\344\000u\000m\000e}{chapter.3}% 14
\BOOKMARK [1][-]{section.3.5}{\376\377\000P\000r\000o\000d\000u\000k\000t\000m\000a\000\337\000e\000\040\000u\000n\000d\000\040\000S\000a\000t\000z\000\040\000v\000o\000n\000\040\000F\000u\000b\000i\000n\000i}{chapter.3}% 15
\BOOKMARK [0][-]{chapter.4}{\376\377\000S\000t\000o\000c\000h\000a\000s\000t\000i\000k}{}% 16
\BOOKMARK [1][-]{section.4.1}{\376\377\000Z\000u\000f\000a\000l\000l\000s\000v\000a\000r\000i\000a\000b\000l\000e\000n}{chapter.4}% 17
\BOOKMARK [1][-]{section.4.2}{\376\377\000Z\000u\000f\000a\000l\000l\000s\000v\000e\000k\000t\000o\000r\000e\000n}{chapter.4}% 18
\BOOKMARK [1][-]{section.4.3}{\376\377\000R\000e\000c\000h\000n\000e\000n\000\040\000m\000i\000t\000\040\000Z\000u\000f\000a\000l\000l\000s\000v\000a\000r\000i\000a\000b\000l\000e\000n}{chapter.4}% 19
\BOOKMARK [2][-]{subsecti