This is pdfTeX, Version 3.141592653-2.6-1.40.23 (MiKTeX 21.7) (preloaded format=pdflatex 2021.8.24)  17 MAR 2022 11:02
entering extended mode
**./Kapitel6.tex
(Kapitel6.tex
LaTeX2e <2021-06-01> patch level 1
L3 programming layer <2021-07-12>
Kapitel6.tex:1: Undefined control sequence.
l.1 \chapter
            {Martingale theory}
? 
Kapitel6.tex:1: Emergency stop.
l.1 \chapter
            {Martingale theory}
End of file on the terminal!

 
Here is how much of TeX's memory you used:
 18 strings out of 480805
 556 string characters out of 2898031
 286464 words of memory out of 3000000
 17793 multiletter control sequences out of 15000+600000
 403430 words of font info for 27 fonts, out of 8000000 for 9000
 0 hyphenation exceptions out of 8191
 13i,0n,12p,73b,10s stack positions out of 5000i,500n,10000p,200000b,80000s
Kapitel6.tex:1:  ==> Fatal error occurred, no output PDF file produced!
