This is pdfTeX, Version 3.14159265-2.6-1.40.20 (MiKTeX 2.9.7140 64-bit) (preloaded format=pdflatex 2019.9.18)  2 OCT 2019 14:58
entering extended mode
**./Vorlesung9.tex
(Vorlesung9.tex
LaTeX2e <2018-12-01>

! LaTeX Error: The font size command \normalsize is not defined:
               there is probably something wrong with the class file.

See the LaTeX manual or LaTeX Companion for explanation.
Type  H <return>  for immediate help.
 ...                                              
                                                  
l.1 \marginpar{\textcolor{red}{Vorlesung 9}}
                                            
Your command was ignored.
Type  I <command> <return>  to replace it with another command,
or  <return>  to continue without it.

! Undefined control sequence.
<argument> \textcolor 
                      {red}{Vorlesung 9}
l.1 \marginpar{\textcolor{red}{Vorlesung 9}}
                                            
The control sequence at the end of the top line
of your error message was never \def'ed. If you have
misspelled it (e.g., `\hobx'), type `I' and the correct
spelling (e.g., `I\hbox'). Otherwise just continue,
and I'll forget about whatever was undefined.


Overfull \hbox (56.77788pt too wide) in paragraph at lines 1--1
[]\OT1/cmr/m/n/10 redVorlesung
 []


Overfull \hbox (5.00002pt too wide) in paragraph at lines 1--1
\OT1/cmr/m/n/10 9 
 []

! Undefined control sequence.
<write> ...eX Warning: Marginpar on page \thepage 
                                                  \space moved\@gobble \on@l...
l.1 \marginpar{\textcolor{red}{Vorlesung 9}}
                                            
The control sequence at the end of the top line
of your error message was never \def'ed. If you have
misspelled it (e.g., `\hobx'), type `I' and the correct
spelling (e.g., `I\hbox'). Otherwise just continue,
and I'll forget about whatever was undefined.


LaTeX Warning: Marginpar on page  moved.


! LaTeX Error: Environment lemma undefined.

See the LaTeX manual or LaTeX Companion for explanation.
Type  H <return>  for immediate help.
 ...                                              
                                                  
l.3 \begin{lemma}
                 
Your command was ignored.
Type  I <command> <return>  to replace it with another command,
or  <return>  to continue without it.


! LaTeX Error: Missing \begin{document}.

See the LaTeX manual or LaTeX Companion for explanation.
Type  H <return>  for immediate help.
 ...                                              
                                                  
l.4 	S
      eien $f,g$ messbar, dann sind $f+g$, $\alpha f$, $f \cdot g$, $f \land...

You're in trouble here.  Try typing  <return>  to proceed.
If that doesn't work, type  X <return>  to quit.

Missing character: There is no S in font nullfont!
Missing character: There is no e in font nullfont!
Missing character: There is no i in font nullfont!
Missing character: There is no e in font nullfont!
Missing character: There is no n in font nullfont!
LaTeX Font Info:    External font `cmex10' loaded for size
(Font)              <7> on input line 4.
LaTeX Font Info:    External font `cmex10' loaded for size
(Font)              <5> on input line 4.
Missing character: There is no m in font nullfont!
Missing character: There is no e in font nullfont!
Missing character: There is no s in font nullfont!
Missing character: There is no s in font nullfont!
Missing character: There is no b in font nullfont!
Missing character: There is no a in font nullfont!
Missing character: There is no r in font nullfont!
Missing character: There is no , in font nullfont!
Missing character: There is no d in font nullfont!
Missing character: There is no a in font nullfont!
Missing character: There is no n in font nullfont!
Missing character: There is no n in font nullfont!
Missing character: There is no s in font nullfont!
Missing character: There is no i in font nullfont!
Missing character: There is no n in font nullfont!
Missing character: There is no d in font nullfont!
Missing character: There is no , in font nullfont!
Missing character: There is no , in font nullfont!
Missing character: There is no , in font nullfont!
Missing character: There is no , in font nullfont!
Missing character: There is no , in font nullfont!
Missing character: There is no w in font nullfont!
Missing character: There is no i in font nullfont!
Missing character: There is no e in font nullfont!
Missing character: There is no d in font nullfont!
Missing character: There is no e in font nullfont!
Missing character: There is no r in font nullfont!
Missing character: There is no m in font nullfont!
Missing character: There is no e in font nullfont!
Missing character: There is no s in font nullfont!
Missing character: There is no s in font nullfont!
Missing character: There is no b in font nullfont!
Missing character: There is no a in font nullfont!
Missing character: There is no r in font nullfont!
Missing character: There is no . in font nullfont!

! LaTeX Error: \begin{document} ended by \end{lemma}.

See the LaTeX manual or LaTeX Companion for explanation.
Type  H <return>  for immediate help.
 ...                                              
                                                  
l.5 \end{lemma}
               
Your command was ignored.
Type  I <command> <return>  to replace it with another command,
or  <return>  to continue without it.


Overfull \hbox (20.0pt too wide) in paragraph at lines 4--6
[]
 []


Overfull \hbox (14.98958pt too wide) in paragraph at lines 4--6
\OML/cmm/m/it/10 f; g$
 []


Overfull \hbox (13.75006pt too wide) in paragraph at lines 4--6
\OML/cmm/m/it/10 f \OT1/cmr/m/n/10 +
 []


Overfull \hbox (5.12846pt too wide) in paragraph at lines 4--6
\OML/cmm/m/it/10 g$
 []


Overfull \hbox (12.4063pt too wide) in paragraph at lines 4--6
\OML/cmm/m/it/10 f$
 []


Overfull \hbox (8.75005pt too wide) in paragraph at lines 4--6
\OML/cmm/m/it/10 f \OMS/cmsy/m/n/10 
 []


Overfull \hbox (5.12846pt too wide) in paragraph at lines 4--6
\OML/cmm/m/it/10 g$
 []


Overfull \hbox (12.63895pt too wide) in paragraph at lines 4--6
\OML/cmm/m/it/10 f \OMS/cmsy/m/n/10 ^
 []


Overfull \hbox (5.12846pt too wide) in paragraph at lines 4--6
\OML/cmm/m/it/10 g$
 []


Overfull \hbox (12.63895pt too wide) in paragraph at lines 4--6
\OML/cmm/m/it/10 f \OMS/cmsy/m/n/10 _
 []


Overfull \hbox (5.12846pt too wide) in paragraph at lines 4--6
\OML/cmm/m/it/10 g$
 []


Overfull \hbox (11.52783pt too wide) in paragraph at lines 4--6
\OMS/cmsy/m/n/10 j\OML/cmm/m/it/10 f\OMS/cmsy/m/n/10 j$
 []


! LaTeX Error: Environment proof undefined.

See the LaTeX manual or LaTeX Companion for explanation.
Type  H <return>  for immediate help.
 ...                                              
                                                  
l.7 \begin{proof}
                 
Your command was ignored.
Type  I <command> <return>  to replace it with another command,
or  <return>  to continue without it.


! LaTeX Error: Missing \begin{document}.

See the LaTeX manual or LaTeX Companion for explanation.
Type  H <return>  for immediate help.
 ...                                              
                                                  
l.8 	Ü
       bung.
You're in trouble here.  Try typing  <return>  to proceed.
If that doesn't work, type  X <return>  to quit.

LaTeX Font Info:    Try loading font information for +cmr on input line 8.
LaTeX Font Info:    No file cmr.fd. on input line 8.

LaTeX Font Warning: Font shape `/cmr/m/n' undefined
(Font)              using `/cmr/m/n' instead on input line 8.

! Corrupted NFSS tables.
wrong@fontshape ...message {Corrupted NFSS tables}
                                                  error@fontshape else let f...
l.8 	Ü
       bung.
This error message was generated by an \errmessage
command, so I can't give any explicit help.
Pretend that you're Hercule Poirot: Examine all clues,
and deduce the truth by order and method.


LaTeX Font Warning: Font shape `/cmr/m/n' undefined
(Font)              using `OT1/cmr/m/n' instead on input line 8.

Missing character: There is no b in font nullfont!
Missing character: There is no u in font nullfont!
Missing character: There is no n in font nullfont!
Missing character: There is no g in font nullfont!
Missing character: There is no . in font nullfont!

! LaTeX Error: \begin{document} ended by \end{proof}.

See the LaTeX manual or LaTeX Companion for explanation.
Type  H <return>  for immediate help.
 ...                                              
                                                  
l.9 \end{proof}
               
Your command was ignored.
Type  I <command> <return>  to replace it with another command,
or  <return>  to continue without it.


Overfull \hbox (32.50003pt too wide) in paragraph at lines 8--10
[]\/cmr/m/n/10 U
 []


! LaTeX Error: Environment lemma undefined.

See the LaTeX manual or LaTeX Companion for explanation.
Type  H <return>  for immediate help.
 ...                                              
                                                  
l.11 \begin{lemma}
                  
Your command was ignored.
Type  I <command> <return>  to replace it with another command,
or  <return>  to continue without it.


! LaTeX Error: Missing \begin{document}.

See the LaTeX manual or LaTeX Companion for explanation.
Type  H <return>  for immediate help.
 ...                                              
                                                  
l.12 	S
       ind $f,g \! : \Omega \rightarrow \overline{\mathbb{R}}$ $(\cA, \cB(\o...

You're in trouble here.  Try typing  <return>  to proceed.
If that doesn't work, type  X <return>  to quit.

Missing character: There is no S in font nullfont!
Missing character: There is no i in font nullfont!
Missing character: There is no n in font nullfont!
Missing character: There is no d in font nullfont!
! Undefined control sequence.
l.12 ... \! : \Omega \rightarrow \overline{\mathbb
                                                  {R}}$ $(\cA, \cB(\overline...
The control sequence at the end of the top line
of your error message was never \def'ed. If you have
misspelled it (e.g., `\hobx'), type `I' and the correct
spelling (e.g., `I\hbox'). Otherwise just continue,
and I'll forget about whatever was undefined.

! Undefined control sequence.
l.12 ...a \rightarrow \overline{\mathbb{R}}$ $(\cA
                                                  , \cB(\overline{\mathbb{R}...
The control sequence at the end of the top line
of your error message was never \def'ed. If you have
misspelled it (e.g., `\hobx'), type `I' and the correct
spelling (e.g., `I\hbox'). Otherwise just continue,
and I'll forget about whatever was undefined.

! Undefined control sequence.
l.12 ...ghtarrow \overline{\mathbb{R}}$ $(\cA, \cB
                                                  (\overline{\mathbb{R}}))$-...
The control sequence at the end of the top line
of your error message was never \def'ed. If you have
misspelled it (e.g., `\hobx'), type `I' and the correct
spelling (e.g., `I\hbox'). Otherwise just continue,
and I'll forget about whatever was undefined.

! Undefined control sequence.
l.12 ...{\mathbb{R}}$ $(\cA, \cB(\overline{\mathbb
                                                  {R}}))$-messbar, so sind d...
The control sequence at the end of the top line
of your error message was never \def'ed. If you have
misspelled it (e.g., `\hobx'), type `I' and the correct
spelling (e.g., `I\hbox'). Otherwise just continue,
and I'll forget about whatever was undefined.

Missing character: There is no - in font nullfont!
Missing character: There is no m in font nullfont!
Missing character: There is no e in font nullfont!
Missing character: There is no s in font nullfont!
Missing character: There is no s in font nullfont!
Missing character: There is no b in font nullfont!
Missing character: There is no a in font nullfont!
Missing character: There is no r in font nullfont!
Missing character: There is no , in font nullfont!
Missing character: There is no s in font nullfont!
Missing character: There is no o in font nullfont!
Missing character: There is no s in font nullfont!
Missing character: There is no i in font nullfont!
Missing character: There is no n in font nullfont!
Missing character: There is no d in font nullfont!
Missing character: There is no d in font nullfont!
Missing character: There is no i in font nullfont!
Missing character: There is no e in font nullfont!
Missing character: There is no M in font nullfont!
Missing character: There is no e in font nullfont!
Missing character: There is no n in font nullfont!
Missing character: There is no g in font nullfont!
Missing character: There is no e in font nullfont!
Missing character: There is no n in font nullfont!

Overfull \hbox (20.0pt too wide) in paragraph at lines 12--13
[]
 []


Overfull \hbox (18.87845pt too wide) in paragraph at lines 12--13
\OML/cmm/m/it/10 f; g  \/cmr/m/n/10 :
 []


Overfull \hbox (19.99995pt too wide) in paragraph at lines 12--13
\/cmr/m/n/10 
 \OMS/cmsy/m/n/10 !
 []


Overfull \hbox (7.67015pt too wide) in paragraph at lines 12--13
[]$
 []


Overfull \hbox (27.67017pt too wide) in paragraph at lines 12--13
\/cmr/m/n/10 (\OML/cmm/m/it/10 ; \/cmr/m/n/10 ([]))$
 []


Overfull \hbox (21.52779pt too wide) in paragraph at lines 14--15
\OMS/cmsy/m/n/10 f\OML/cmm/m/it/10 f <
 []


Overfull \hbox (20.68399pt too wide) in paragraph at lines 14--15
\OML/cmm/m/it/10 g\OMS/cmsy/m/n/10 g \/cmr/m/n/10 =
 []


Overfull \hbox (15.4722pt too wide) in paragraph at lines 14--15
\OMS/cmsy/m/n/10 f\OML/cmm/m/it/10 !  \/cmr/m/n/10 :
 []


Overfull \hbox (30.88889pt too wide) in paragraph at lines 14--15
\OML/cmm/m/it/10 f\/cmr/m/n/10 (\OML/cmm/m/it/10 !\/cmr/m/n/10 ) \OML/cmm/m/it/
10 <
 []


Overfull \hbox (24.4896pt too wide) in paragraph at lines 14--15
\OML/cmm/m/it/10 g\/cmr/m/n/10 (\OML/cmm/m/it/10 !\/cmr/m/n/10 )\OMS/cmsy/m/n/1
0 g$ 
 []


Overfull \hbox (21.52779pt too wide) in paragraph at lines 15--16
\OMS/cmsy/m/n/10 f\OML/cmm/m/it/10 f \OMS/cmsy/m/n/10 
 []


Overfull \hbox (20.68399pt too wide) in paragraph at lines 15--16
\OML/cmm/m/it/10 g\OMS/cmsy/m/n/10 g \/cmr/m/n/10 =
 []


Overfull \hbox (15.4722pt too wide) in paragraph at lines 15--16
\OMS/cmsy/m/n/10 f\OML/cmm/m/it/10 !  \/cmr/m/n/10 :
 []


Overfull \hbox (30.88889pt too wide) in paragraph at lines 15--16
\OML/cmm/m/it/10 f\/cmr/m/n/10 (\OML/cmm/m/it/10 !\/cmr/m/n/10 ) \OMS/cmsy/m/n/
10 
 []


Overfull \hbox (24.4896pt too wide) in paragraph at lines 15--16
\OML/cmm/m/it/10 g\/cmr/m/n/10 (\OML/cmm/m/it/10 !\/cmr/m/n/10 )\OMS/cmsy/m/n/1
0 g$ 
 []


Overfull \hbox (21.52779pt too wide) in paragraph at lines 16--17
\OMS/cmsy/m/n/10 f\OML/cmm/m/it/10 f \/cmr/m/n/10 =
 []


Overfull \hbox (10.12848pt too wide) in paragraph at lines 16--17
\OML/cmm/m/it/10 g\OMS/cmsy/m/n/10 g$ 
 []


Overfull \hbox (21.52779pt too wide) in paragraph at lines 17--18
\OMS/cmsy/m/n/10 f\OML/cmm/m/it/10 f \OMS/cmsy/m/n/10 6\/cmr/m/n/10 =
 []


Overfull \hbox (10.12848pt too wide) in paragraph at lines 17--18
\OML/cmm/m/it/10 g\OMS/cmsy/m/n/10 g$ 
 []

Missing character: There is no m in font nullfont!
Missing character: There is no e in font nullfont!
Missing character: There is no s in font nullfont!
Missing character: There is no s in font nullfont!
Missing character: There is no b in font nullfont!
Missing character: There is no a in font nullfont!
Missing character: There is no r in font nullfont!
Missing character: There is no . in font nullfont!

! LaTeX Error: \begin{document} ended by \end{lemma}.

See the LaTeX manual or LaTeX Companion for explanation.
Type  H <return>  for immediate help.
 ...                                              
                                                  
l.20 \end{lemma}
                
Your command was ignored.
Type  I <command> <return>  to replace it with another command,
or  <return>  to continue without it.

)
! Emergency stop.
<*> ./Vorlesung9.tex
                    
*** (job aborted, no legal \end found)

 
Here is how much of TeX's memory you used:
 23 strings out of 492895
 379 string characters out of 3133444
 59218 words of memory out of 3000000
 4038 multiletter control sequences out of 15000+200000
 3640 words of font info for 14 fonts, out of 3000000 for 9000
 1141 hyphenation exceptions out of 8191
 18i,3n,17p,145b,91s stack positions out of 5000i,500n,10000p,200000b,50000s
!  ==> Fatal error occurred, no output PDF file produced!
