This is pdfTeX, Version 3.141592653-2.6-1.40.22 (TeX Live 2021) (preloaded format=pdflatex 2022.3.23)  26 MAY 2022 08:22
entering extended mode
 restricted \write18 enabled.
 file:line:error style messages enabled.
 %&-line parsing enabled.
**"/Users/stochastik/uni-mannheim.de/Team Stochastik - Dokumente/Lehre/Stochastik 1/Skript/kapitel/kapitel4_alt/Stochastik1-MacBook Air von Stochastik.tex"
(/Users/stochastik/uni-mannheim.de/Team Stochastik - Dokumente/Lehre/Stochastik 1/Skript/kapitel/kapitel4_alt/Stochastik1-MacBook Air von Stochastik.tex
LaTeX2e <2020-10-01> patch level 4
L3 programming layer <2021-02-18> (/usr/local/texlive/2021/texmf-dist/tex/latex/base/book.cls
Document Class: book 2020/04/10 v1.4m Standard LaTeX document class
(/usr/local/texlive/2021/texmf-dist/tex/latex/base/bk10.clo
File: bk10.clo 2020/04/10 v1.4m Standard LaTeX file (size option)
)
\c@part=\count179
\c@chapter=\count180
\c@section=\count181
\c@subsection=\count182
\c@subsubsection=\count183
\c@paragraph=\count184
\c@subparagraph=\count185
\c@figure=\count186
\c@table=\count187
\abovecaptionskip=\skip47
\belowcaptionskip=\skip48
\bibindent=\dimen138
)

! LaTeX Error: File `./macros/jpA4.sty' not found.

Type X to quit or <RETURN> to proceed,
or enter new name. (Default extension: sty)

Enter file name: 
/Users/stochastik/uni-mannheim.de/Team Stochastik - Dokumente/Lehre/Stochastik 1/Skript/kapitel/kapitel4_alt/Stochastik1-MacBook Air von Stochastik.tex:14: Emergency stop.
<read *> 
         
l.14 \usepackage
                {./macros/BScMac}^^M
*** (cannot \read from terminal in nonstop modes)

 
Here is how much of TeX's memory you used:
 242 strings out of 478994
 3294 string characters out of 5858184
 286135 words of memory out of 5000000
 17816 multiletter control sequences out of 15000+600000
 403430 words of font info for 27 fonts, out of 8000000 for 9000
 1141 hyphenation exceptions out of 8191
 44i,0n,50p,292b,36s stack positions out of 5000i,500n,10000p,200000b,80000s
/Users/stochastik/uni-mannheim.de/Team Stochastik - Dokumente/Lehre/Stochastik 1/Skript/kapitel/kapitel4_alt/Stochastik1-MacBook Air von Stochastik.tex:14:  ==> Fatal error occurred, no output PDF file produced!
