This is pdfTeX, Version 3.14159265-2.6-1.40.20 (TeX Live 2019) (preloaded format=pdflatex 2019.9.28)  6 DEC 2019 09:39
entering extended mode
 restricted \write18 enabled.
 file:line:error style messages enabled.
 %&-line parsing enabled.
**Vorlesung25.tex
(./Vorlesung25.tex
LaTeX2e <2018-12-01>

./Vorlesung25.tex:2: LaTeX Error: Environment satz undefined.

See the LaTeX manual or LaTeX Companion for explanation.
Type  H <return>  for immediate help.
 ...                                              
                                                  
l.2 \begin{satz}
                [Zusammenhang Konvergenzarten]
? 
./Vorlesung25.tex:2: Emergency stop.
 ...                                              
                                                  
l.2 \begin{satz}
                [Zusammenhang Konvergenzarten]
Your command was ignored.
Type  I <command> <return>  to replace it with another command,
or  <return>  to continue without it.

 
Here is how much of TeX's memory you used:
 6 strings out of 492609
 278 string characters out of 6129048
 57226 words of memory out of 5000000
 4026 multiletter control sequences out of 15000+600000
 3640 words of font info for 14 fonts, out of 8000000 for 9000
 1141 hyphenation exceptions out of 8191
 5i,0n,4p,65b,16s stack positions out of 5000i,500n,10000p,200000b,80000s
./Vorlesung25.tex:2:  ==> Fatal error occurred, no output PDF file produced!
