This is pdfTeX, Version 3.14159265-2.6-1.40.20 (TeX Live 2019) (preloaded format=pdflatex 2019.9.28)  20 NOV 2019 22:40
entering extended mode
 restricted \write18 enabled.
 file:line:error style messages enabled.
 %&-line parsing enabled.
**Vorlesung22.tex
(./Vorlesung22.tex
LaTeX2e <2018-12-01>

./Vorlesung22.tex:1: LaTeX Error: The font size command \normalsize is not defi
ned:
               there is probably something wrong with the class file.

See the LaTeX manual or LaTeX Companion for explanation.
Type  H <return>  for immediate help.
 ...                                              
                                                  
l.1 \marginpar{\textcolor{red}{Vorlesung 22}}
                                             
? 
./Vorlesung22.tex:1: Emergency stop.
 ...                                              
                                                  
l.1 \marginpar{\textcolor{red}{Vorlesung 22}}
                                             
Your command was ignored.
Type  I <command> <return>  to replace it with another command,
or  <return>  to continue without it.

 
Here is how much of TeX's memory you used:
 8 strings out of 492609
 383 string characters out of 6129048
 57357 words of memory out of 5000000
 4028 multiletter control sequences out of 15000+600000
 3640 words of font info for 14 fonts, out of 8000000 for 9000
 1141 hyphenation exceptions out of 8191
 18i,1n,17p,74b,85s stack positions out of 5000i,500n,10000p,200000b,80000s
./Vorlesung22.tex:1:  ==> Fatal error occurred, no output PDF file produced!
