This is pdfTeX, Version 3.14159265-2.6-1.40.18 (TeX Live 2017) (preloaded format=pdflatex 2017.7.13)  15 AUG 2018 15:37
entering extended mode
 restricted \write18 enabled.
 file:line:error style messages enabled.
 %&-line parsing enabled.
**BScMac.sty
(./BScMac.sty
LaTeX2e <2017-04-15>
Babel <3.10> and hyphenation patterns for 84 language(s) loaded.
(/usr/local/texlive/2017/texmf-dist/tex/latex/base/ifthen.sty
Package: ifthen 2014/09/29 v1.1c Standard LaTeX ifthen package (DPC)
)
(/usr/local/texlive/2017/texmf-dist/tex/latex/base/fontenc.sty
Package: fontenc 2017/04/05 v2.0i Standard LaTeX package

(/usr/local/texlive/2017/texmf-dist/tex/latex/base/t1enc.def
File: t1enc.def 2017/04/05 v2.0i Standard LaTeX file
LaTeX Font Info:    Redeclaring font encoding T1 on input line 48.
))
(/usr/local/texlive/2017/texmf-dist/tex/generic/babel/babel.sty
Package: babel 2017/05/19 3.10 The Babel package

/usr/local/texlive/2017/texmf-dist/tex/generic/babel/babel.sty:384: Missing \en
dcsname inserted.
<to be read again> 
                   \@classoptionslist 
l.384     {}}
             
? 
/usr/local/texlive/2017/texmf-dist/tex/generic/babel/babel.sty:384: Emergency s
top.
<to be read again> 
                   \@classoptionslist 
l.384     {}}
             
End of file on the terminal!

 
Here is how much of TeX's memory you used:
 367 strings out of 492995
 3604 string characters out of 6132704
 54074 words of memory out of 5000000
 4006 multiletter control sequences out of 15000+600000
 4403 words of font info for 15 fonts, out of 8000000 for 9000
 1141 hyphenation exceptions out of 8191
 21i,0n,17p,142b,37s stack positions out of 5000i,500n,10000p,200000b,80000s
/usr/local/texlive/2017/texmf-dist/tex/generic/babel/babel.sty:384:  ==> Fatal 
error occurred, no output PDF file produced!
