This is pdfTeX, Version 3.14159265-2.6-1.40.18 (TeX Live 2017) (preloaded format=pdflatex 2017.7.13)  15 AUG 2018 13:03
entering extended mode
 restricted \write18 enabled.
 file:line:error style messages enabled.
 %&-line parsing enabled.
**BScTitel.sty
(./BScTitel.sty
LaTeX2e <2017-04-15>
Babel <3.10> and hyphenation patterns for 84 language(s) loaded.
(/usr/local/texlive/2017/texmf-dist/tex/latex/base/ifthen.sty
Package: ifthen 2014/09/29 v1.1c Standard LaTeX ifthen package (DPC)
)
\hheight=\skip41
\hdepth=\skip42

./BScTitel.sty:4: Undefined control sequence.
<argument> \huge 
                 I
l.4 \settoheight{\hheight}{\huge I}
                                   
? 
./BScTitel.sty:4: Emergency stop.
<argument> \huge 
                 I
l.4 \settoheight{\hheight}{\huge I}
                                   
End of file on the terminal!

 
Here is how much of TeX's memory you used:
 58 strings out of 492995
 688 string characters out of 6132704
 54074 words of memory out of 5000000
 3707 multiletter control sequences out of 15000+600000
 3640 words of font info for 14 fonts, out of 8000000 for 9000
 1141 hyphenation exceptions out of 8191
 12i,0n,12p,118b,11s stack positions out of 5000i,500n,10000p,200000b,80000s
./BScTitel.sty:4:  ==> Fatal error occurred, no output PDF file produced!
